<?xml version="1.0" encoding="UTF-8"?>
<!-- Generated by org.testng.reporters.JUnitReportReporter -->
<testsuite hostname="inoka-TECRA-M11" name="org.wso2.carbon.connector.integration.test.bitly.BitlyConnectorIntegrationTest" tests="90" failures="0" timestamp="7 Jul 2014 06:43:38 GMT" time="68.620" errors="0">
  <testcase name="testGetTrackingDomainShortenCountsMandatoryParameters" time="0.593" classname="org.wso2.carbon.connector.integration.test.bitly.BitlyConnectorIntegrationTest"/>
  <testcase name="testGetLinkSaveWithOptionalParameters" time="0.589" classname="org.wso2.carbon.connector.integration.test.bitly.BitlyConnectorIntegrationTest"/>
  <testcase name="testGetUserInfoOptionalParameters" time="0.936" classname="org.wso2.carbon.connector.integration.test.bitly.BitlyConnectorIntegrationTest"/>
  <testcase name="testGetBundleContentsNegativeParameters" time="0.536" classname="org.wso2.carbon.connector.integration.test.bitly.BitlyConnectorIntegrationTest"/>
  <testcase name="testGetLinkCatagoryWithNegativeParameters" time="0.525" classname="org.wso2.carbon.connector.integration.test.bitly.BitlyConnectorIntegrationTest"/>
  <testcase name="testGetProDomainNegativeParameters" time="0.588" classname="org.wso2.carbon.connector.integration.test.bitly.BitlyConnectorIntegrationTest"/>
  <testcase name="testAddLinkToBundleMandatoryParameters" time="4.918" classname="org.wso2.carbon.connector.integration.test.bitly.BitlyConnectorIntegrationTest"/>
  <testcase name="testGetShortnWithNegativeParameters" time="0.571" classname="org.wso2.carbon.connector.integration.test.bitly.BitlyConnectorIntegrationTest"/>
  <testcase name="testGetLinkCatagoryWithMandatoryParameters" time="0.703" classname="org.wso2.carbon.connector.integration.test.bitly.BitlyConnectorIntegrationTest"/>
  <testcase name="testGetLinkCountriesWithMandatoryParameters" time="0.591" classname="org.wso2.carbon.connector.integration.test.bitly.BitlyConnectorIntegrationTest"/>
  <testcase name="testGetLinkContentWithNegativeParameters" time="0.771" classname="org.wso2.carbon.connector.integration.test.bitly.BitlyConnectorIntegrationTest"/>
  <testcase name="testGetUserNetworkHistoryNegativeParameters" time="0.492" classname="org.wso2.carbon.connector.integration.test.bitly.BitlyConnectorIntegrationTest"/>
  <testcase name="testGetPopularLinksOptionalParameters" time="0.646" classname="org.wso2.carbon.connector.integration.test.bitly.BitlyConnectorIntegrationTest"/>
  <testcase name="testGetLinkCountriesWithNegativeParameters" time="0.586" classname="org.wso2.carbon.connector.integration.test.bitly.BitlyConnectorIntegrationTest"/>
  <testcase name="testGetLinkReferringDomainsWithNegativeParameters" time="0.708" classname="org.wso2.carbon.connector.integration.test.bitly.BitlyConnectorIntegrationTest"/>
  <testcase name="testEditBundleMandatoryParameters" time="0.591" classname="org.wso2.carbon.connector.integration.test.bitly.BitlyConnectorIntegrationTest"/>
  <testcase name="testGetReferrersNegativeParameters" time="0.498" classname="org.wso2.carbon.connector.integration.test.bitly.BitlyConnectorIntegrationTest"/>
  <testcase name="testGetHighValueWithNegativeParameters" time="1.145" classname="org.wso2.carbon.connector.integration.test.bitly.BitlyConnectorIntegrationTest"/>
  <testcase name="testGetShortnWithOptionalParameters" time="0.537" classname="org.wso2.carbon.connector.integration.test.bitly.BitlyConnectorIntegrationTest"/>
  <testcase name="testGetLinkSharesWithNegativeParameters" time="0.509" classname="org.wso2.carbon.connector.integration.test.bitly.BitlyConnectorIntegrationTest"/>
  <testcase name="testGetBundlesByUserOptionalParameters" time="1.007" classname="org.wso2.carbon.connector.integration.test.bitly.BitlyConnectorIntegrationTest"/>
  <testcase name="testGetInfoWithMandatoryParameters" time="1.994" classname="org.wso2.carbon.connector.integration.test.bitly.BitlyConnectorIntegrationTest"/>
  <testcase name="testGetLookUpWithMandatoryParameters" time="1.068" classname="org.wso2.carbon.connector.integration.test.bitly.BitlyConnectorIntegrationTest"/>
  <testcase name="testGetShortnWithMandatoryParameters" time="0.555" classname="org.wso2.carbon.connector.integration.test.bitly.BitlyConnectorIntegrationTest"/>
  <testcase name="testGetReferringDomainsOptionalParameters" time="0.549" classname="org.wso2.carbon.connector.integration.test.bitly.BitlyConnectorIntegrationTest"/>
  <testcase name="testGetLinkContentWithOptionalParameters" time="1.171" classname="org.wso2.carbon.connector.integration.test.bitly.BitlyConnectorIntegrationTest"/>
  <testcase name="testGetUserBundleHistoryNegativeParameters" time="0.587" classname="org.wso2.carbon.connector.integration.test.bitly.BitlyConnectorIntegrationTest"/>
  <testcase name="testGetShareCountsNegativeParameters" time="0.576" classname="org.wso2.carbon.connector.integration.test.bitly.BitlyConnectorIntegrationTest"/>
  <testcase name="testGetLinkSaveWithNegativeParameters" time="1.005" classname="org.wso2.carbon.connector.integration.test.bitly.BitlyConnectorIntegrationTest"/>
  <testcase name="testGetLinkClicksWithMandatoryParameters" time="0.563" classname="org.wso2.carbon.connector.integration.test.bitly.BitlyConnectorIntegrationTest"/>
  <testcase name="testGetBundlEviewCountMandatoryParameters" time="0.569" classname="org.wso2.carbon.connector.integration.test.bitly.BitlyConnectorIntegrationTest"/>
  <testcase name="testDeleteBundleMandatoryParameters" time="0.559" classname="org.wso2.carbon.connector.integration.test.bitly.BitlyConnectorIntegrationTest"/>
  <testcase name="testGetReferringDomainsNegativeParameters" time="0.527" classname="org.wso2.carbon.connector.integration.test.bitly.BitlyConnectorIntegrationTest"/>
  <testcase name="testGetBundleLinkRemoveMandatoryParameters" time="0.537" classname="org.wso2.carbon.connector.integration.test.bitly.BitlyConnectorIntegrationTest"/>
  <testcase name="testGetUserInfoNegativeParameters" time="0.678" classname="org.wso2.carbon.connector.integration.test.bitly.BitlyConnectorIntegrationTest"/>
  <testcase name="testDeleteBundleNegativeParameters" time="0.644" classname="org.wso2.carbon.connector.integration.test.bitly.BitlyConnectorIntegrationTest"/>
  <testcase name="testGetSearchWithNegativeParameters" time="0.540" classname="org.wso2.carbon.connector.integration.test.bitly.BitlyConnectorIntegrationTest"/>
  <testcase name="testEditBundleOptionalParameters" time="0.580" classname="org.wso2.carbon.connector.integration.test.bitly.BitlyConnectorIntegrationTest"/>
  <testcase name="testGetTrackingDomainClicksMandatoryParameters" time="0.637" classname="org.wso2.carbon.connector.integration.test.bitly.BitlyConnectorIntegrationTest"/>
  <testcase name="testGetUserNetworkHistoryOptionalParameters" time="0.591" classname="org.wso2.carbon.connector.integration.test.bitly.BitlyConnectorIntegrationTest"/>
  <testcase name="testGetTrackingDomainListMandatoryParameters" time="0.513" classname="org.wso2.carbon.connector.integration.test.bitly.BitlyConnectorIntegrationTest"/>
  <testcase name="testGetInfoWithOptionalParameters" time="0.525" classname="org.wso2.carbon.connector.integration.test.bitly.BitlyConnectorIntegrationTest"/>
  <testcase name="testGetLinkContentWithMandatoryParameters" time="1.086" classname="org.wso2.carbon.connector.integration.test.bitly.BitlyConnectorIntegrationTest"/>
  <testcase name="testGetReferrersOptionalParameters" time="0.620" classname="org.wso2.carbon.connector.integration.test.bitly.BitlyConnectorIntegrationTest"/>
  <testcase name="testCreateBundleOptionalParameters" time="0.551" classname="org.wso2.carbon.connector.integration.test.bitly.BitlyConnectorIntegrationTest"/>
  <testcase name="testGetOAuthAppMandatoryParameters" time="0.524" classname="org.wso2.carbon.connector.integration.test.bitly.BitlyConnectorIntegrationTest"/>
  <testcase name="testGetLinkInfoWithNegativeParameters" time="0.516" classname="org.wso2.carbon.connector.integration.test.bitly.BitlyConnectorIntegrationTest"/>
  <testcase name="testGetBundlesByUserNegativeParameters" time="0.544" classname="org.wso2.carbon.connector.integration.test.bitly.BitlyConnectorIntegrationTest"/>
  <testcase name="testGetLinkReferringDomainsWithMandatoryParameters" time="0.552" classname="org.wso2.carbon.connector.integration.test.bitly.BitlyConnectorIntegrationTest"/>
  <testcase name="testGetBundlesByUserMandatoryParameters" time="0.546" classname="org.wso2.carbon.connector.integration.test.bitly.BitlyConnectorIntegrationTest"/>
  <testcase name="testGetBundleContentsOptionalParameters" time="0.566" classname="org.wso2.carbon.connector.integration.test.bitly.BitlyConnectorIntegrationTest"/>
  <testcase name="testGetUserNetworkHistoryMandatoryParameters" time="0.593" classname="org.wso2.carbon.connector.integration.test.bitly.BitlyConnectorIntegrationTest"/>
  <testcase name="testGetOAuthAppNegativeParameters" time="0.657" classname="org.wso2.carbon.connector.integration.test.bitly.BitlyConnectorIntegrationTest"/>
  <testcase name="testGetExpandWithNegativeParameters" time="0.562" classname="org.wso2.carbon.connector.integration.test.bitly.BitlyConnectorIntegrationTest"/>
  <testcase name="testGetLinkSaveWithMandatoryParameters" time="1.046" classname="org.wso2.carbon.connector.integration.test.bitly.BitlyConnectorIntegrationTest"/>
  <testcase name="testGetProDomainMandatoryParameters" time="0.537" classname="org.wso2.carbon.connector.integration.test.bitly.BitlyConnectorIntegrationTest"/>
  <testcase name="testGetLookUpWithNegativeParameters" time="0.543" classname="org.wso2.carbon.connector.integration.test.bitly.BitlyConnectorIntegrationTest"/>
  <testcase name="testGetTrackingDomainClicksNegativeParameters" time="0.604" classname="org.wso2.carbon.connector.integration.test.bitly.BitlyConnectorIntegrationTest"/>
  <testcase name="testGetTrackingDomainShortenCountsNegativeParameters" time="0.550" classname="org.wso2.carbon.connector.integration.test.bitly.BitlyConnectorIntegrationTest"/>
  <testcase name="testGetUserBundleHistoryOptionalParameters" time="1.096" classname="org.wso2.carbon.connector.integration.test.bitly.BitlyConnectorIntegrationTest"/>
  <testcase name="testGetPopularLinksNegativeParameters" time="0.511" classname="org.wso2.carbon.connector.integration.test.bitly.BitlyConnectorIntegrationTest"/>
  <testcase name="testEditBundleNegativeParameters" time="0.565" classname="org.wso2.carbon.connector.integration.test.bitly.BitlyConnectorIntegrationTest"/>
  <testcase name="testGetUserLinkHistoryMandatoryParameters" time="1.123" classname="org.wso2.carbon.connector.integration.test.bitly.BitlyConnectorIntegrationTest"/>
  <testcase name="testGetUserInfoMandatoryParameters" time="0.669" classname="org.wso2.carbon.connector.integration.test.bitly.BitlyConnectorIntegrationTest"/>
  <testcase name="testGetUserClicksNegativeParameters" time="0.567" classname="org.wso2.carbon.connector.integration.test.bitly.BitlyConnectorIntegrationTest"/>
  <testcase name="testCreateBundleNegativeParameters" time="0.542" classname="org.wso2.carbon.connector.integration.test.bitly.BitlyConnectorIntegrationTest"/>
  <testcase name="testGetExpandWithMandatoryParameters" time="0.971" classname="org.wso2.carbon.connector.integration.test.bitly.BitlyConnectorIntegrationTest"/>
  <testcase name="testAddLinkToBundleNegativeParameters" time="0.590" classname="org.wso2.carbon.connector.integration.test.bitly.BitlyConnectorIntegrationTest"/>
  <testcase name="testGetTrackingDomainListNegativeParameters" time="0.695" classname="org.wso2.carbon.connector.integration.test.bitly.BitlyConnectorIntegrationTest"/>
  <testcase name="testGetCountriesMandatoryParameters" time="0.566" classname="org.wso2.carbon.connector.integration.test.bitly.BitlyConnectorIntegrationTest"/>
  <testcase name="testGetBundlEviewCountNegativeParameters" time="0.546" classname="org.wso2.carbon.connector.integration.test.bitly.BitlyConnectorIntegrationTest"/>
  <testcase name="testGetShareCountsMandatoryParameters" time="0.561" classname="org.wso2.carbon.connector.integration.test.bitly.BitlyConnectorIntegrationTest"/>
  <testcase name="testGetReferrersMandatoryParameters" time="0.531" classname="org.wso2.carbon.connector.integration.test.bitly.BitlyConnectorIntegrationTest"/>
  <testcase name="testGetUserClicksMandatoryParameters" time="0.539" classname="org.wso2.carbon.connector.integration.test.bitly.BitlyConnectorIntegrationTest"/>
  <testcase name="testGetUserBundleHistoryMandatoryParameters" time="0.615" classname="org.wso2.carbon.connector.integration.test.bitly.BitlyConnectorIntegrationTest"/>
  <testcase name="testGetPopularLinksMandatoryParameters" time="0.590" classname="org.wso2.carbon.connector.integration.test.bitly.BitlyConnectorIntegrationTest"/>
  <testcase name="testGetBundleLinkRemoveNegativeParameters" time="0.521" classname="org.wso2.carbon.connector.integration.test.bitly.BitlyConnectorIntegrationTest"/>
  <testcase name="testGetLinkSharesWithMandatoryParameters" time="0.544" classname="org.wso2.carbon.connector.integration.test.bitly.BitlyConnectorIntegrationTest"/>
  <testcase name="testGetUserLinkHistoryOptionalParameters" time="1.149" classname="org.wso2.carbon.connector.integration.test.bitly.BitlyConnectorIntegrationTest"/>
  <testcase name="testGetLinkInfoWithMandatoryParameters" time="0.582" classname="org.wso2.carbon.connector.integration.test.bitly.BitlyConnectorIntegrationTest"/>
  <testcase name="testGetBundleContentsMandatoryParameters" time="0.590" classname="org.wso2.carbon.connector.integration.test.bitly.BitlyConnectorIntegrationTest"/>
  <testcase name="testGetReferringDomainsMandatoryParameters" time="0.547" classname="org.wso2.carbon.connector.integration.test.bitly.BitlyConnectorIntegrationTest"/>
  <testcase name="testGetCountriesNegativeParameters" time="0.522" classname="org.wso2.carbon.connector.integration.test.bitly.BitlyConnectorIntegrationTest"/>
  <testcase name="testGetLinkClicksWithNegativeParameters" time="0.523" classname="org.wso2.carbon.connector.integration.test.bitly.BitlyConnectorIntegrationTest"/>
  <testcase name="testGetInfoWithNegativeParameters" time="0.562" classname="org.wso2.carbon.connector.integration.test.bitly.BitlyConnectorIntegrationTest"/>
  <testcase name="testGetSearchWithMandatoryParameters" time="2.794" classname="org.wso2.carbon.connector.integration.test.bitly.BitlyConnectorIntegrationTest"/>
  <testcase name="testCreateBundleMandatoryParameters" time="1.136" classname="org.wso2.carbon.connector.integration.test.bitly.BitlyConnectorIntegrationTest"/>
  <testcase name="testGetHighValueWithMandatoryParameters" time="1.062" classname="org.wso2.carbon.connector.integration.test.bitly.BitlyConnectorIntegrationTest"/>
  <testcase name="testGetUserLinkHistoryNegativeParameters" time="0.593" classname="org.wso2.carbon.connector.integration.test.bitly.BitlyConnectorIntegrationTest"/>
  <testcase name="testGetSearchWithOptionalParameters" time="2.613" classname="org.wso2.carbon.connector.integration.test.bitly.BitlyConnectorIntegrationTest"/>
</testsuite>
